DEPRECATION WARNING: You're using the Ruby-based MySQL library that ships with Rails. This library will be REMOVED FROM RAILS 2.2. Please switch to the offical mysql gem: `gem install mysql`  See http://www.rubyonrails.org/deprecation for details. (called from mysql_connection at c:/ruby/lib/ruby/gems/1.8/gems/activerecord-2.1.1/lib/active_record/connection_adapters/mysql_adapter.rb:81)
DEPRECATION WARNING: You're using the Ruby-based MySQL library that ships with Rails. This library will be REMOVED FROM RAILS 2.2. Please switch to the offical mysql gem: `gem install mysql`  See http://www.rubyonrails.org/deprecation for details. (called from mysql_connection at c:/ruby/lib/ruby/gems/1.8/gems/activerecord-2.1.1/lib/active_record/connection_adapters/mysql_adapter.rb:81)
  [4;36;1mSQL (0.063000)[0m   [0;1mSET SQL_AUTO_IS_NULL=0[0m
  [4;35;1mSQL (0.031000)[0m   [0mSHOW TABLES[0m
  [4;36;1mSQL (0.145000)[0m   [0;1mCREATE TABLE `schema_migrations` (`version` varchar(255) NOT NULL) ENGINE=InnoDB[0m
  [4;35;1mSQL (0.233000)[0m   [0mCREATE UNIQUE INDEX `unique_schema_migrations` ON `schema_migrations` (`version`)[0m
  [4;36;1mSQL (0.001000)[0m   [0;1mSHOW TABLES[0m
  [4;35;1mSQL (0.001000)[0m   [0mSELECT version FROM schema_migrations[0m
Migrating to Initial (20081018011235)
  [4;36;1mSQL (0.000000)[0m   [0;1mMysql::Error: #42000You have an error in your SQL syntax; check the manual that corresponds to your MySQL server version for the right syntax to use near 'primary_key, `text` varchar(255), `created_at` date, `updated_at` date) ENGINE=I' at line 1: CREATE TABLE `props` (`id` primary_key, `text` varchar(255), `created_at` date, `updated_at` date) ENGINE=InnoDB[0m
DEPRECATION WARNING: You're using the Ruby-based MySQL library that ships with Rails. This library will be REMOVED FROM RAILS 2.2. Please switch to the offical mysql gem: `gem install mysql`  See http://www.rubyonrails.org/deprecation for details. (called from mysql_connection at c:/ruby/lib/ruby/gems/1.8/gems/activerecord-2.1.1/lib/active_record/connection_adapters/mysql_adapter.rb:81)
  [4;36;1mSQL (0.000000)[0m   [0;1mSET SQL_AUTO_IS_NULL=0[0m
  [4;35;1mSQL (0.001000)[0m   [0mSHOW TABLES[0m
  [4;36;1mSQL (0.000000)[0m   [0;1mSELECT version FROM schema_migrations[0m
Migrating to Initial (20081018011235)
  [4;35;1mSQL (0.000000)[0m   [0mMysql::Error: #42000You have an error in your SQL syntax; check the manual that corresponds to your MySQL server version for the right syntax to use near 'primary_key, `prop` varchar(255), `created_at` date, `updated_at` date) ENGINE=I' at line 1: CREATE TABLE `props` (`id` primary_key, `prop` varchar(255), `created_at` date, `updated_at` date) ENGINE=InnoDB[0m
DEPRECATION WARNING: You're using the Ruby-based MySQL library that ships with Rails. This library will be REMOVED FROM RAILS 2.2. Please switch to the offical mysql gem: `gem install mysql`  See http://www.rubyonrails.org/deprecation for details. (called from mysql_connection at c:/ruby/lib/ruby/gems/1.8/gems/activerecord-2.1.1/lib/active_record/connection_adapters/mysql_adapter.rb:81)
  [4;36;1mSQL (0.000000)[0m   [0;1mSET SQL_AUTO_IS_NULL=0[0m
  [4;35;1mSQL (0.000000)[0m   [0mSHOW TABLES[0m
  [4;36;1mSQL (0.001000)[0m   [0;1mSELECT version FROM schema_migrations[0m
Migrating to Initial (20081018011235)
DEPRECATION WARNING: You're using the Ruby-based MySQL library that ships with Rails. This library will be REMOVED FROM RAILS 2.2. Please switch to the offical mysql gem: `gem install mysql`  See http://www.rubyonrails.org/deprecation for details. (called from mysql_connection at c:/ruby/lib/ruby/gems/1.8/gems/activerecord-2.1.1/lib/active_record/connection_adapters/mysql_adapter.rb:81)
  [4;36;1mSQL (0.000000)[0m   [0;1mSET SQL_AUTO_IS_NULL=0[0m
  [4;35;1mSQL (0.001000)[0m   [0mSHOW TABLES[0m
  [4;36;1mSQL (0.000000)[0m   [0;1mSELECT version FROM schema_migrations[0m
Migrating to Initial (20081018011235)
  [4;35;1mSQL (0.000000)[0m   [0mMysql::Error: #42000You have an error in your SQL syntax; check the manual that corresponds to your MySQL server version for the right syntax to use near 'primary_key, `prop` varchar(255), `created_at` datetime, `updated_at` datetime) ' at line 1: CREATE TABLE `props` (`id` primary_key, `prop` varchar(255), `created_at` datetime, `updated_at` datetime) ENGINE=InnoDB[0m
DEPRECATION WARNING: You're using the Ruby-based MySQL library that ships with Rails. This library will be REMOVED FROM RAILS 2.2. Please switch to the offical mysql gem: `gem install mysql`  See http://www.rubyonrails.org/deprecation for details. (called from mysql_connection at c:/ruby/lib/ruby/gems/1.8/gems/activerecord-2.1.1/lib/active_record/connection_adapters/mysql_adapter.rb:81)
  [4;36;1mSQL (0.000000)[0m   [0;1mSET SQL_AUTO_IS_NULL=0[0m
  [4;35;1mSQL (0.001000)[0m   [0mSHOW TABLES[0m
  [4;36;1mSQL (0.000000)[0m   [0;1mSELECT version FROM schema_migrations[0m
Migrating to Initial (20081018011235)
  [4;35;1mSQL (0.108000)[0m   [0mCREATE TABLE `props` (`id` int(11) DEFAULT NULL auto_increment PRIMARY KEY, `prop` varchar(255), `created_at` datetime, `updated_at` datetime) ENGINE=InnoDB[0m
  [4;36;1mSQL (0.082000)[0m   [0;1mCREATE TABLE `outcomes` (`id` int(11) DEFAULT NULL auto_increment PRIMARY KEY, `prop_id` int, `outcome` varchar(255), `image` blob, `created_at` datetime, `updated_at` datetime) ENGINE=InnoDB[0m
  [4;35;1mSQL (0.074000)[0m   [0mCREATE TABLE `viewings` (`id` int(11) DEFAULT NULL auto_increment PRIMARY KEY, `prop_id` int, `outcome_id` int, `image` blob, `created_at` datetime, `updated_at` datetime) ENGINE=InnoDB[0m
  [4;36;1mSQL (0.050000)[0m   [0;1mINSERT INTO schema_migrations (version) VALUES ('20081018011235')[0m
  [4;35;1mSQL (0.001000)[0m   [0mSHOW TABLES[0m
  [4;36;1mSQL (0.000000)[0m   [0;1mSELECT version FROM schema_migrations[0m
  [4;35;1mSQL (0.001000)[0m   [0mSHOW TABLES[0m
  [4;36;1mSQL (0.033000)[0m   [0;1mSHOW FIELDS FROM `outcomes`[0m
  [4;35;1mSQL (0.004000)[0m   [0mdescribe `outcomes`[0m
  [4;36;1mSQL (0.001000)[0m   [0;1mSHOW KEYS FROM `outcomes`[0m
  [4;35;1mSQL (0.003000)[0m   [0mSHOW FIELDS FROM `props`[0m
  [4;36;1mSQL (0.003000)[0m   [0;1mdescribe `props`[0m
  [4;35;1mSQL (0.001000)[0m   [0mSHOW KEYS FROM `props`[0m
  [4;36;1mSQL (0.003000)[0m   [0;1mSHOW FIELDS FROM `viewings`[0m
  [4;35;1mSQL (0.003000)[0m   [0mdescribe `viewings`[0m
  [4;36;1mSQL (0.001000)[0m   [0;1mSHOW KEYS FROM `viewings`[0m
DEPRECATION WARNING: You're using the Ruby-based MySQL library that ships with Rails. This library will be REMOVED FROM RAILS 2.2. Please switch to the offical mysql gem: `gem install mysql`  See http://www.rubyonrails.org/deprecation for details. (called from mysql_connection at c:/ruby/lib/ruby/gems/1.8/gems/activerecord-2.1.1/lib/active_record/connection_adapters/mysql_adapter.rb:81)
  [4;36;1mSQL (0.000000)[0m   [0;1mSET SQL_AUTO_IS_NULL=0[0m
  [4;35;1mSQL (0.001000)[0m   [0mSHOW TABLES[0m
  [4;36;1mSQL (0.000000)[0m   [0;1mSELECT version FROM schema_migrations[0m
Migrating to Initial (20081018011235)
Migrating to Occurred (20081018015210)
  [4;35;1mSQL (0.200000)[0m   [0mALTER TABLE `outcomes` ADD `occurred_at` datetime[0m
  [4;36;1mSQL (0.029000)[0m   [0;1mINSERT INTO schema_migrations (version) VALUES ('20081018015210')[0m
  [4;35;1mSQL (0.000000)[0m   [0mSHOW TABLES[0m
  [4;36;1mSQL (0.000000)[0m   [0;1mSELECT version FROM schema_migrations[0m
  [4;35;1mSQL (0.001000)[0m   [0mSHOW TABLES[0m
  [4;36;1mSQL (0.004000)[0m   [0;1mSHOW FIELDS FROM `outcomes`[0m
  [4;35;1mSQL (0.003000)[0m   [0mdescribe `outcomes`[0m
  [4;36;1mSQL (0.001000)[0m   [0;1mSHOW KEYS FROM `outcomes`[0m
  [4;35;1mSQL (0.003000)[0m   [0mSHOW FIELDS FROM `props`[0m
  [4;36;1mSQL (0.003000)[0m   [0;1mdescribe `props`[0m
  [4;35;1mSQL (0.001000)[0m   [0mSHOW KEYS FROM `props`[0m
  [4;36;1mSQL (0.003000)[0m   [0;1mSHOW FIELDS FROM `viewings`[0m
  [4;35;1mSQL (0.003000)[0m   [0mdescribe `viewings`[0m
  [4;36;1mSQL (0.001000)[0m   [0;1mSHOW KEYS FROM `viewings`[0m
DEPRECATION WARNING: You're using the Ruby-based MySQL library that ships with Rails. This library will be REMOVED FROM RAILS 2.2. Please switch to the offical mysql gem: `gem install mysql`  See http://www.rubyonrails.org/deprecation for details. (called from mysql_connection at c:/ruby/lib/ruby/gems/1.8/gems/activerecord-2.1.1/lib/active_record/connection_adapters/mysql_adapter.rb:81)
  [4;36;1mSQL (0.000000)[0m   [0;1mSET SQL_AUTO_IS_NULL=0[0m
  [4;35;1mSQL (0.000000)[0m   [0mSHOW TABLES[0m
  [4;36;1mSQL (0.000000)[0m   [0;1mSELECT version FROM schema_migrations[0m
  [4;35;1mSQL (0.000000)[0m   [0mSET SQL_AUTO_IS_NULL=0[0m
  [4;36;1mSQL (0.001000)[0m   [0;1mDROP DATABASE IF EXISTS `arv_test`[0m
  [4;35;1mSQL (0.049000)[0m   [0mCREATE DATABASE `arv_test` DEFAULT CHARACTER SET `utf8`[0m
  [4;36;1mSQL (0.000000)[0m   [0;1mSET SQL_AUTO_IS_NULL=0[0m
  [4;35;1mSQL (0.000000)[0m   [0mSHOW TABLES[0m
  [4;36;1mSQL (0.084000)[0m   [0;1mCREATE TABLE `outcomes` (`id` int(11) DEFAULT NULL auto_increment PRIMARY KEY, `prop_id` int(11), `outcome` varchar(255), `image` blob, `created_at` datetime, `updated_at` datetime, `occurred_at` datetime) ENGINE=InnoDB[0m
  [4;35;1mSQL (0.001000)[0m   [0mSHOW TABLES[0m
  [4;36;1mSQL (0.090000)[0m   [0;1mCREATE TABLE `props` (`id` int(11) DEFAULT NULL auto_increment PRIMARY KEY, `prop` varchar(255), `created_at` datetime, `updated_at` datetime) ENGINE=InnoDB[0m
  [4;35;1mSQL (0.001000)[0m   [0mSHOW TABLES[0m
  [4;36;1mSQL (0.090000)[0m   [0;1mCREATE TABLE `viewings` (`id` int(11) DEFAULT NULL auto_increment PRIMARY KEY, `prop_id` int(11), `outcome_id` int(11), `image` blob, `created_at` datetime, `updated_at` datetime) ENGINE=InnoDB[0m
  [4;35;1mSQL (0.001000)[0m   [0mSHOW TABLES[0m
  [4;36;1mSQL (0.074000)[0m   [0;1mCREATE TABLE `schema_migrations` (`version` varchar(255) NOT NULL) ENGINE=InnoDB[0m
  [4;35;1mSQL (0.175000)[0m   [0mCREATE UNIQUE INDEX `unique_schema_migrations` ON `schema_migrations` (`version`)[0m
  [4;36;1mSQL (0.001000)[0m   [0;1mSHOW TABLES[0m
  [4;35;1mSQL (0.000000)[0m   [0mSELECT version FROM `schema_migrations`[0m
  [4;36;1mSQL (0.018000)[0m   [0;1mINSERT INTO `schema_migrations` (version) VALUES ('20081018015210')[0m
  [4;35;1mSQL (0.028000)[0m   [0mINSERT INTO `schema_migrations` (version) VALUES ('20081018011235')[0m
DEPRECATION WARNING: You're using the Ruby-based MySQL library that ships with Rails. This library will be REMOVED FROM RAILS 2.2. Please switch to the offical mysql gem: `gem install mysql`  See http://www.rubyonrails.org/deprecation for details. (called from mysql_connection at c:/ruby/lib/ruby/gems/1.8/gems/activerecord-2.1.1/lib/active_record/connection_adapters/mysql_adapter.rb:81)
  [4;36;1mSQL (0.001000)[0m   [0;1mSET SQL_AUTO_IS_NULL=0[0m
  [4;35;1mSQL (0.000000)[0m   [0mSHOW TABLES[0m
  [4;36;1mSQL (0.000000)[0m   [0;1mSELECT version FROM schema_migrations[0m
  [4;35;1mSQL (0.000000)[0m   [0mSET SQL_AUTO_IS_NULL=0[0m
  [4;36;1mSQL (0.178000)[0m   [0;1mDROP DATABASE IF EXISTS `arv_test`[0m
  [4;35;1mSQL (0.001000)[0m   [0mCREATE DATABASE `arv_test` DEFAULT CHARACTER SET `utf8`[0m
  [4;36;1mSQL (0.000000)[0m   [0;1mSET SQL_AUTO_IS_NULL=0[0m
  [4;35;1mSQL (0.000000)[0m   [0mSHOW TABLES[0m
  [4;36;1mSQL (0.072000)[0m   [0;1mCREATE TABLE `outcomes` (`id` int(11) DEFAULT NULL auto_increment PRIMARY KEY, `prop_id` int(11), `outcome` varchar(255), `image` blob, `created_at` datetime, `updated_at` datetime, `occurred_at` datetime) ENGINE=InnoDB[0m
  [4;35;1mSQL (0.000000)[0m   [0mSHOW TABLES[0m
  [4;36;1mSQL (0.082000)[0m   [0;1mCREATE TABLE `props` (`id` int(11) DEFAULT NULL auto_increment PRIMARY KEY, `prop` varchar(255), `created_at` datetime, `updated_at` datetime) ENGINE=InnoDB[0m
  [4;35;1mSQL (0.001000)[0m   [0mSHOW TABLES[0m
  [4;36;1mSQL (0.098000)[0m   [0;1mCREATE TABLE `viewings` (`id` int(11) DEFAULT NULL auto_increment PRIMARY KEY, `prop_id` int(11), `outcome_id` int(11), `image` blob, `created_at` datetime, `updated_at` datetime) ENGINE=InnoDB[0m
  [4;35;1mSQL (0.000000)[0m   [0mSHOW TABLES[0m
  [4;36;1mSQL (0.090000)[0m   [0;1mCREATE TABLE `schema_migrations` (`version` varchar(255) NOT NULL) ENGINE=InnoDB[0m
  [4;35;1mSQL (0.197000)[0m   [0mCREATE UNIQUE INDEX `unique_schema_migrations` ON `schema_migrations` (`version`)[0m
  [4;36;1mSQL (0.001000)[0m   [0;1mSHOW TABLES[0m
  [4;35;1mSQL (0.001000)[0m   [0mSELECT version FROM `schema_migrations`[0m
  [4;36;1mSQL (0.033000)[0m   [0;1mINSERT INTO `schema_migrations` (version) VALUES ('20081018015210')[0m
  [4;35;1mSQL (0.022000)[0m   [0mINSERT INTO `schema_migrations` (version) VALUES ('20081018011235')[0m
  [4;36;1mSQL (0.001000)[0m   [0;1mSET SQL_AUTO_IS_NULL=0[0m
  [4;35;1mSQL (0.000000)[0m   [0mSHOW TABLES[0m
  [4;36;1mSQL (0.000000)[0m   [0;1mSELECT version FROM schema_migrations[0m
  [4;35;1mSQL (0.000000)[0m   [0mSET SQL_AUTO_IS_NULL=0[0m
  [4;36;1mSQL (0.134000)[0m   [0;1mDROP DATABASE IF EXISTS `arv_test`[0m
  [4;35;1mSQL (0.001000)[0m   [0mCREATE DATABASE `arv_test` DEFAULT CHARACTER SET `utf8`[0m
  [4;36;1mSQL (0.000000)[0m   [0;1mSET SQL_AUTO_IS_NULL=0[0m
  [4;35;1mSQL (0.001000)[0m   [0mSHOW TABLES[0m
  [4;36;1mSQL (0.065000)[0m   [0;1mCREATE TABLE `outcomes` (`id` int(11) DEFAULT NULL auto_increment PRIMARY KEY, `prop_id` int(11), `outcome` varchar(255), `image` blob, `created_at` datetime, `updated_at` datetime, `occurred_at` datetime) ENGINE=InnoDB[0m
  [4;35;1mSQL (0.000000)[0m   [0mSHOW TABLES[0m
  [4;36;1mSQL (0.082000)[0m   [0;1mCREATE TABLE `props` (`id` int(11) DEFAULT NULL auto_increment PRIMARY KEY, `prop` varchar(255), `created_at` datetime, `updated_at` datetime) ENGINE=InnoDB[0m
  [4;35;1mSQL (0.000000)[0m   [0mSHOW TABLES[0m
  [4;36;1mSQL (0.082000)[0m   [0;1mCREATE TABLE `viewings` (`id` int(11) DEFAULT NULL auto_increment PRIMARY KEY, `prop_id` int(11), `outcome_id` int(11), `image` blob, `created_at` datetime, `updated_at` datetime) ENGINE=InnoDB[0m
  [4;35;1mSQL (0.001000)[0m   [0mSHOW TABLES[0m
  [4;36;1mSQL (0.082000)[0m   [0;1mCREATE TABLE `schema_migrations` (`version` varchar(255) NOT NULL) ENGINE=InnoDB[0m
  [4;35;1mSQL (0.171000)[0m   [0mCREATE UNIQUE INDEX `unique_schema_migrations` ON `schema_migrations` (`version`)[0m
  [4;36;1mSQL (0.001000)[0m   [0;1mSHOW TABLES[0m
  [4;35;1mSQL (0.000000)[0m   [0mSELECT version FROM `schema_migrations`[0m
  [4;36;1mSQL (0.025000)[0m   [0;1mINSERT INTO `schema_migrations` (version) VALUES ('20081018015210')[0m
  [4;35;1mSQL (0.030000)[0m   [0mINSERT INTO `schema_migrations` (version) VALUES ('20081018011235')[0m
